c:\users\naeling\documents\development\test machine c++\lo21_td78\lo21_td78\debug\vc141.pdb
c:\users\naeling\documents\development\test machine c++\lo21_td78\lo21_td78\debug\vc141.idb
c:\users\naeling\documents\development\test machine c++\lo21_td78\lo21_td78\debug\evenement.obj
c:\users\naeling\documents\development\test machine c++\lo21_td78\lo21_td78\debug\main.obj
c:\users\naeling\documents\development\test machine c++\lo21_td78\lo21_td78\debug\timing.obj
c:\users\naeling\documents\development\test machine c++\lo21_td78\lo21_td78\debug\main.obj.enc
c:\users\naeling\documents\development\test machine c++\lo21_td78\debug\lo21_td78.pdb
c:\users\naeling\documents\development\test machine c++\lo21_td78\lo21_td78\debug\lo21_td78.tlog\cl.command.1.tlog
c:\users\naeling\documents\development\test machine c++\lo21_td78\lo21_td78\debug\lo21_td78.tlog\cl.read.1.tlog
c:\users\naeling\documents\development\test machine c++\lo21_td78\lo21_td78\debug\lo21_td78.tlog\cl.write.1.tlog
c:\users\naeling\documents\development\test machine c++\lo21_td78\lo21_td78\debug\lo21_td78.tlog\link-cvtres.read.1.tlog
c:\users\naeling\documents\development\test machine c++\lo21_td78\lo21_td78\debug\lo21_td78.tlog\link-cvtres.write.1.tlog
c:\users\naeling\documents\development\test machine c++\lo21_td78\lo21_td78\debug\lo21_td78.tlog\link-rc.read.1.tlog
c:\users\naeling\documents\development\test machine c++\lo21_td78\lo21_td78\debug\lo21_td78.tlog\link-rc.write.1.tlog
c:\users\naeling\documents\development\test machine c++\lo21_td78\lo21_td78\debug\lo21_td78.tlog\link.8212-cvtres.read.1.tlog
c:\users\naeling\documents\development\test machine c++\lo21_td78\lo21_td78\debug\lo21_td78.tlog\link.8212-cvtres.write.1.tlog
c:\users\naeling\documents\development\test machine c++\lo21_td78\lo21_td78\debug\lo21_td78.tlog\link.8212-rc.read.1.tlog
c:\users\naeling\documents\development\test machine c++\lo21_td78\lo21_td78\debug\lo21_td78.tlog\link.8212-rc.write.1.tlog
c:\users\naeling\documents\development\test machine c++\lo21_td78\lo21_td78\debug\lo21_td78.tlog\link.8212.read.1.tlog
c:\users\naeling\documents\development\test machine c++\lo21_td78\lo21_td78\debug\lo21_td78.tlog\link.8212.write.1.tlog
c:\users\naeling\documents\development\test machine c++\lo21_td78\lo21_td78\debug\lo21_td78.tlog\link.command.1.tlog
c:\users\naeling\documents\development\test machine c++\lo21_td78\lo21_td78\debug\lo21_td78.tlog\link.read.1.tlog
c:\users\naeling\documents\development\test machine c++\lo21_td78\lo21_td78\debug\lo21_td78.tlog\link.write.1.tlog
